<?xml version="1.0" encoding="UTF-8"?>
<testng-results skipped="0" failed="0" ignored="0" total="1" passed="1">
  <reporter-output>
  </reporter-output>
  <suite name="Default suite" duration-ms="69230" started-at="2020-10-15T14:01:46Z" finished-at="2020-10-15T14:02:55Z">
    <groups>
    </groups>
    <test name="Default test" duration-ms="69230" started-at="2020-10-15T14:01:46Z" finished-at="2020-10-15T14:02:55Z">
      <class name="testCases.TestClass1">
        <test-method status="PASS" signature="set_up()[pri:0, instance:testCases.TestClass1@c4039c]" name="set_up" is-config="true" duration-ms="4814" started-at="2020-10-15T14:01:46Z" finished-at="2020-10-15T14:01:51Z">
          <reporter-output>
          </reporter-output>
        </test-method> <!-- set_up -->
        <test-method status="PASS" signature="TC_1_check_website_title()[pri:0, instance:testCases.TestClass1@c4039c]" name="TC_1_check_website_title" duration-ms="63713" started-at="2020-10-15T14:01:51Z" finished-at="2020-10-15T14:02:54Z">
          <reporter-output>
          </reporter-output>
        </test-method> <!-- TC_1_check_website_title -->
        <test-method status="PASS" signature="clean_up()[pri:0, instance:testCases.TestClass1@c4039c]" name="clean_up" is-config="true" duration-ms="676" started-at="2020-10-15T14:02:55Z" finished-at="2020-10-15T14:02:55Z">
          <reporter-output>
          </reporter-output>
        </test-method> <!-- clean_up -->
      </class> <!-- testCases.TestClass1 -->
    </test> <!-- Default test -->
  </suite> <!-- Default suite -->
</testng-results>
